<?xml version="1.0" encoding="UTF-8"?>
<!-- Generated by org.testng.reporters.JUnitReportReporter -->
<testsuite hostname="Arjen" failures="0" tests="1" name="Project_Test.ValidatingReportsTab" time="2.546" errors="0" timestamp="2023-12-05T15:57:16 IST" skipped="0">
  <testcase classname="Project_Test.ValidatingReportsTab" name="reportsTab" time="2.546"/>
</testsuite> <!-- Project_Test.ValidatingReportsTab -->
