<?xml version="1.0" encoding="UTF-8"?>
<!-- Generated by org.testng.reporters.JUnitReportReporter -->
<testsuite hostname="Arjen" failures="0" tests="4" name="Project_Test.ValidatingLoginPage" time="17.025" errors="0" timestamp="2023-12-08T07:54:35 IST" skipped="0">
  <testcase classname="Project_Test.ValidatingLoginPage" name="login" time="3.718"/>
  <testcase classname="Project_Test.ValidatingLoginPage" name="login" time="5.143"/>
  <testcase classname="Project_Test.ValidatingLoginPage" name="login" time="4.307"/>
  <testcase classname="Project_Test.ValidatingLoginPage" name="login" time="3.857"/>
</testsuite> <!-- Project_Test.ValidatingLoginPage -->
