<?xml version="1.0" encoding="UTF-8"?>
<!-- Generated by org.testng.reporters.JUnitReportReporter -->
<testsuite hostname="Arjen" failures="0" tests="1" name="Project_Test.ValidatingAssignLeaveTab" time="2.449" errors="0" timestamp="2023-12-05T16:33:21 IST" skipped="0">
  <testcase classname="Project_Test.ValidatingAssignLeaveTab" name="assignLeaveTab" time="2.449"/>
</testsuite> <!-- Project_Test.ValidatingAssignLeaveTab -->
