<?xml version="1.0" encoding="UTF-8"?>
<!-- Generated by org.testng.reporters.JUnitReportReporter -->
<testsuite hostname="Arjen" failures="0" tests="1" name="Project_Test.ValidatingAddEntitlementModule" time="1.681" errors="0" timestamp="2023-11-30T16:41:36 IST" skipped="0">
  <testcase classname="Project_Test.ValidatingAddEntitlementModule" name="addEntitlementTab" time="1.681"/>
</testsuite> <!-- Project_Test.ValidatingAddEntitlementModule -->
