<?xml version="1.0" encoding="UTF-8"?>
<!-- Generated by org.testng.reporters.JUnitReportReporter -->
<testsuite hostname="Arjen" failures="0" tests="1" name="Project_Test.ValidatingMyEntitlementTab" time="1.966" errors="0" timestamp="2023-12-04T19:34:30 IST" skipped="0">
  <testcase classname="Project_Test.ValidatingMyEntitlementTab" name="myEntitlementTab" time="1.966"/>
</testsuite> <!-- Project_Test.ValidatingMyEntitlementTab -->
