<?xml version="1.0" encoding="UTF-8"?>
<!-- Generated by org.testng.reporters.JUnitReportReporter -->
<testsuite hostname="Arjen" failures="0" tests="1" name="Project_Test.ValidatingLeaveListTab" time="0.479" errors="0" timestamp="2023-12-05T16:14:39 IST" skipped="0">
  <testcase classname="Project_Test.ValidatingLeaveListTab" name="leaveListtab" time="0.479"/>
</testsuite> <!-- Project_Test.ValidatingLeaveListTab -->
