<?xml version="1.0" encoding="UTF-8"?>
<!-- Generated by org.testng.reporters.JUnitReportReporter -->
<testsuite hostname="Arjen" failures="0" tests="1" name="Project_Test.ValidatingLeaveModuletab" time="9.532" errors="0" timestamp="2023-12-05T16:04:52 IST" skipped="0">
  <testcase classname="Project_Test.ValidatingLeaveModuletab" name="leaveModuleTab" time="9.532"/>
</testsuite> <!-- Project_Test.ValidatingLeaveModuletab -->
