<?xml version="1.0" encoding="UTF-8"?>
<!-- Generated by org.testng.reporters.JUnitReportReporter -->
<testsuite hostname="Arjen" failures="0" tests="1" name="Project_Test.ValidatingConfigureTab" time="3.498" errors="0" timestamp="2023-12-05T17:50:30 IST" skipped="0">
  <testcase classname="Project_Test.ValidatingConfigureTab" name="configureTab" time="3.498"/>
</testsuite> <!-- Project_Test.ValidatingConfigureTab -->
