<?xml version="1.0" encoding="UTF-8"?>
<!-- Generated by org.testng.reporters.JUnitReportReporter -->
<testsuite hostname="Arjen" failures="0" tests="1" name="Project_Test.ValidatingEmployeeEntitlementTab" time="1.404" errors="0" timestamp="2023-12-08T07:54:59 IST" skipped="0">
  <testcase classname="Project_Test.ValidatingEmployeeEntitlementTab" name="employeeentitlementTab" time="1.404"/>
</testsuite> <!-- Project_Test.ValidatingEmployeeEntitlementTab -->
