<?xml version="1.0" encoding="UTF-8"?>
<!-- Generated by org.testng.reporters.JUnitReportReporter -->
<testsuite hostname="Arjen" failures="0" tests="1" name="Project_Test.ValidatingMyLeaveTab" time="1.370" errors="0" timestamp="2023-11-29T21:20:45 IST" skipped="0">
  <testcase classname="Project_Test.ValidatingMyLeaveTab" name="validatingMyLeaveTab" time="1.370"/>
</testsuite> <!-- Project_Test.ValidatingMyLeaveTab -->
