<?xml version="1.0" encoding="UTF-8"?>
<!-- Generated by org.testng.reporters.JUnitReportReporter -->
<testsuite hostname="Arjen" failures="0" tests="1" name="Project_Test.login2" time="6.374" errors="0" timestamp="2023-11-28T19:11:38 IST" skipped="0">
  <testcase classname="Project_Test.login2" name="login" time="6.374"/>
</testsuite> <!-- Project_Test.login2 -->
