<?xml version="1.0" encoding="UTF-8"?>
<!-- Generated by org.testng.reporters.JUnitReportReporter -->
<testsuite hostname="Arjen" failures="0" tests="1" name="Project_Test.ValidatingEntitlementsTab" time="0.374" errors="0" timestamp="2023-11-30T16:09:37 IST" skipped="0">
  <testcase classname="Project_Test.ValidatingEntitlementsTab" name="entitlementTab" time="0.374"/>
</testsuite> <!-- Project_Test.ValidatingEntitlementsTab -->
